# JRE version: OpenJDK Runtime Environment (8.0_202-b03) (build 1.8.0_202-release-1483-b03)
# Java VM: OpenJDK 64-Bit Server VM (25.202-b03 mixed mode windows-amd64 compressed oops)
Heap:
 PSYoungGen      total 37888K, used 9755K [0x00000000d6000000, 0x00000000d9580000, 0x0000000100000000)
  eden space 32768K, 14% used [0x00000000d6000000,0x00000000d648bc08,0x00000000d8000000)
  from space 5120K, 99% used [0x00000000d8500000,0x00000000d89fb2c8,0x00000000d8a00000)
  to   space 5120K, 0% used [0x00000000d8000000,0x00000000d8000000,0x00000000d8500000)
 ParOldGen       total 65536K, used 11073K [0x0000000082000000, 0x0000000086000000, 0x00000000d6000000)
  object space 65536K, 16% used [0x0000000082000000,0x0000000082ad04e0,0x0000000086000000)
 Metaspace       used 24646K, capacity 25120K, committed 25216K, reserved 1071104K
  class space    used 2952K, capacity 3124K, committed 3200K, reserved 1048576K
GC Heap History (10 events):
Event: 2.134 GC heap before
{Heap before GC invocations=1 (full 0):
 PSYoungGen      total 37888K, used 32768K [0x00000000d6000000, 0x00000000d8a00000, 0x0000000100000000)
  eden space 32768K, 100% used [0x00000000d6000000,0x00000000d8000000,0x00000000d8000000)
  from space 5120K, 0% used [0x00000000d8500000,0x00000000d8500000,0x00000000d8a00000)
  to   space 5120K, 0% used [0x00000000d8000000,0x00000000d8000000,0x00000000d8500000)
 ParOldGen       total 86016K, used 0K [0x0000000082000000, 0x0000000087400000, 0x00000000d6000000)
  object space 86016K, 0% used [0x0000000082000000,0x0000000082000000,0x0000000087400000)
 Metaspace       used 9986K, capacity 10224K, committed 10496K, reserved 1058816K
  class space    used 1104K, capacity 1182K, committed 1280K, reserved 1048576K
Event: 2.151 GC heap after
Heap after GC invocations=1 (full 0):
 PSYoungGen      total 37888K, used 5093K [0x00000000d6000000, 0x00000000d8a00000, 0x0000000100000000)
  eden space 32768K, 0% used [0x00000000d6000000,0x00000000d6000000,0x00000000d8000000)
  from space 5120K, 99% used [0x00000000d8000000,0x00000000d84f9788,0x00000000d8500000)
  to   space 5120K, 0% used [0x00000000d8500000,0x00000000d8500000,0x00000000d8a00000)
 ParOldGen       total 86016K, used 2616K [0x0000000082000000, 0x0000000087400000, 0x00000000d6000000)
  object space 86016K, 3% used [0x0000000082000000,0x000000008228e200,0x0000000087400000)
 Metaspace       used 9986K, capacity 10224K, committed 10496K, reserved 1058816K
  class space    used 1104K, capacity 1182K, committed 1280K, reserved 1048576K
}
Event: 3.410 GC heap before
{Heap before GC invocations=2 (full 0):
 PSYoungGen      total 37888K, used 37861K [0x00000000d6000000, 0x00000000d8a00000, 0x0000000100000000)
  eden space 32768K, 100% used [0x00000000d6000000,0x00000000d8000000,0x00000000d8000000)
  from space 5120K, 99% used [0x00000000d8000000,0x00000000d84f9788,0x00000000d8500000)
  to   space 5120K, 0% used [0x00000000d8500000,0x00000000d8500000,0x00000000d8a00000)
 ParOldGen       total 86016K, used 2616K [0x0000000082000000, 0x0000000087400000, 0x00000000d6000000)
  object space 86016K, 3% used [0x0000000082000000,0x000000008228e200,0x0000000087400000)
 Metaspace       used 15926K, capacity 16268K, committed 16384K, reserved 1062912K
  class space    used 1880K, capacity 1958K, committed 2048K, reserved 1048576K
Event: 3.422 GC heap after
Heap after GC invocations=2 (full 0):
 PSYoungGen      total 37888K, used 5104K [0x00000000d6000000, 0x00000000d8a00000, 0x0000000100000000)
  eden space 32768K, 0% used [0x00000000d6000000,0x00000000d6000000,0x00000000d8000000)
  from space 5120K, 99% used [0x00000000d8500000,0x00000000d89fc030,0x00000000d8a00000)
  to   space 5120K, 0% used [0x00000000d8000000,0x00000000d8000000,0x00000000d8500000)
 ParOldGen       total 86016K, used 7313K [0x0000000082000000, 0x0000000087400000, 0x00000000d6000000)
  object space 86016K, 8% used [0x0000000082000000,0x0000000082724628,0x0000000087400000)
 Metaspace       used 15926K, capacity 16268K, committed 16384K, reserved 1062912K
  class space    used 1880K, capacity 1958K, committed 2048K, reserved 1048576K
}
Event: 4.427 GC heap before
{Heap before GC invocations=3 (full 0):
 PSYoungGen      total 37888K, used 21632K [0x00000000d6000000, 0x00000000d8a00000, 0x0000000100000000)
  eden space 32768K, 50% used [0x00000000d6000000,0x00000000d7024140,0x00000000d8000000)
  from space 5120K, 99% used [0x00000000d8500000,0x00000000d89fc030,0x00000000d8a00000)
  to   space 5120K, 0% used [0x00000000d8000000,0x00000000d8000000,0x00000000d8500000)
 ParOldGen       total 86016K, used 7313K [0x0000000082000000, 0x0000000087400000, 0x00000000d6000000)
  object space 86016K, 8% used [0x0000000082000000,0x0000000082724628,0x0000000087400000)
 Metaspace       used 20727K, capacity 21148K, committed 21296K, reserved 1069056K
  class space    used 2470K, capacity 2628K, committed 2688K, reserved 1048576K
Event: 4.442 GC heap after
Heap after GC invocations=3 (full 0):
 PSYoungGen      total 37888K, used 5104K [0x00000000d6000000, 0x00000000d8a00000, 0x0000000100000000)
  eden space 32768K, 0% used [0x00000000d6000000,0x00000000d6000000,0x00000000d8000000)
  from space 5120K, 99% used [0x00000000d8000000,0x00000000d84fc010,0x00000000d8500000)
  to   space 5120K, 0% used [0x00000000d8500000,0x00000000d8500000,0x00000000d8a00000)
 ParOldGen       total 86016K, used 10872K [0x0000000082000000, 0x0000000087400000, 0x00000000d6000000)
  object space 86016K, 12% used [0x0000000082000000,0x0000000082a9e3b8,0x0000000087400000)
 Metaspace       used 20727K, capacity 21148K, committed 21296K, reserved 1069056K
  class space    used 2470K, capacity 2628K, committed 2688K, reserved 1048576K
}
Event: 4.442 GC heap before
{Heap before GC invocations=4 (full 1):
 PSYoungGen      total 37888K, used 5104K [0x00000000d6000000, 0x00000000d8a00000, 0x0000000100000000)
  eden space 32768K, 0% used [0x00000000d6000000,0x00000000d6000000,0x00000000d8000000)
  from space 5120K, 99% used [0x00000000d8000000,0x00000000d84fc010,0x00000000d8500000)
  to   space 5120K, 0% used [0x00000000d8500000,0x00000000d8500000,0x00000000d8a00000)
 ParOldGen       total 86016K, used 10872K [0x0000000082000000, 0x0000000087400000, 0x00000000d6000000)
  object space 86016K, 12% used [0x0000000082000000,0x0000000082a9e3b8,0x0000000087400000)
 Metaspace       used 20727K, capacity 21148K, committed 21296K, reserved 1069056K
  class space    used 2470K, capacity 2628K, committed 2688K, reserved 1048576K
Event: 4.508 GC heap after
Heap after GC invocations=4 (full 1):
 PSYoungGen      total 37888K, used 0K [0x00000000d6000000, 0x00000000d8a00000, 0x0000000100000000)
  eden space 32768K, 0% used [0x00000000d6000000,0x00000000d6000000,0x00000000d8000000)
  from space 5120K, 0% used [0x00000000d8000000,0x00000000d8000000,0x00000000d8500000)
  to   space 5120K, 0% used [0x00000000d8500000,0x00000000d8500000,0x00000000d8a00000)
 ParOldGen       total 65536K, used 8525K [0x0000000082000000, 0x0000000086000000, 0x00000000d6000000)
  object space 65536K, 13% used [0x0000000082000000,0x0000000082853668,0x0000000086000000)
 Metaspace       used 20727K, capacity 21148K, committed 21296K, reserved 1069056K
  class space    used 2470K, capacity 2628K, committed 2688K, reserved 1048576K
}
Event: 13.067 GC heap before
{Heap before GC invocations=5 (full 1):
 PSYoungGen      total 37888K, used 32768K [0x00000000d6000000, 0x00000000d8a00000, 0x0000000100000000)
  eden space 32768K, 100% used [0x00000000d6000000,0x00000000d8000000,0x00000000d8000000)
  from space 5120K, 0% used [0x00000000d8000000,0x00000000d8000000,0x00000000d8500000)
  to   space 5120K, 0% used [0x00000000d8500000,0x00000000d8500000,0x00000000d8a00000)
 ParOldGen       total 65536K, used 8525K [0x0000000082000000, 0x0000000086000000, 0x00000000d6000000)
  object space 65536K, 13% used [0x0000000082000000,0x0000000082853668,0x0000000086000000)
 Metaspace       used 24073K, capacity 24522K, committed 24576K, reserved 1071104K
  class space    used 2884K, capacity 3057K, committed 3072K, reserved 1048576K
Event: 13.077 GC heap after
Heap after GC invocations=5 (full 1):
 PSYoungGen      total 37888K, used 5100K [0x00000000d6000000, 0x00000000d9580000, 0x0000000100000000)
  eden space 32768K, 0% used [0x00000000d6000000,0x00000000d6000000,0x00000000d8000000)
  from space 5120K, 99% used [0x00000000d8500000,0x00000000d89fb2c8,0x00000000d8a00000)
  to   space 5120K, 0% used [0x00000000d8000000,0x00000000d8000000,0x00000000d8500000)
 ParOldGen       total 65536K, used 11073K [0x0000000082000000, 0x0000000086000000, 0x00000000d6000000)
  object space 65536K, 16% used [0x0000000082000000,0x0000000082ad04e0,0x0000000086000000)
 Metaspace       used 24073K, capacity 24522K, committed 24576K, reserved 1071104K
  class space    used 2884K, capacity 3057K, committed 3072K, reserved 1048576K
}

